<component name="libraryTable">
  <library name="junit-platform-commons-1.10.0">
    <CLASSES>
      <root url="jar://$USER_HOME$/Documentos/libsJUnit/junit-platform-commons-1.10.0.jar!/" />
    </CLASSES>
    <JAVADOC />
    <SOURCES />
  </library>
</component>